2026-04-21 20:06:19,584 INFO Set uid to user 0 succeeded
2026-04-21 20:06:19,598 INFO supervisord started with pid 1
2026-04-21 20:06:20,612 INFO spawned: 'opencode' with pid 29
2026-04-21 20:06:20,634 INFO spawned: 'openclaw-gateway' with pid 30
2026-04-21 20:06:25,674 INFO success: opencode entered RUNNING state, process has stayed up for > than 5 seconds (startsecs)
2026-04-21 20:06:25,684 INFO success: openclaw-gateway entered RUNNING state, process has stayed up for > than 5 seconds (startsecs)
2026-04-21 20:06:50,043 INFO reaped unknown pid 78 (exit status 0)
2026-04-21 20:13:01,441 INFO reaped unknown pid 221 (terminated by SIGTERM)
2026-04-21 20:13:01,456 INFO reaped unknown pid 458 (terminated by SIGTERM)
2026-04-21 20:13:01,456 INFO reaped unknown pid 454 (terminated by SIGTERM)
2026-04-21 20:13:01,456 INFO reaped unknown pid 444 (terminated by SIGTERM)
2026-04-21 20:13:01,456 INFO reaped unknown pid 432 (terminated by SIGTERM)
2026-04-21 20:13:01,456 INFO reaped unknown pid 222 (terminated by SIGPIPE)
2026-04-21 20:13:01,477 INFO reaped unknown pid 428 (terminated by SIGPIPE)
2026-04-21 20:18:25,213 INFO reaped unknown pid 477 (terminated by SIGTERM)
2026-04-21 20:18:25,218 INFO reaped unknown pid 777 (terminated by SIGTERM)
2026-04-21 20:18:25,220 INFO reaped unknown pid 749 (terminated by SIGTERM)
2026-04-21 20:18:25,224 INFO reaped unknown pid 773 (terminated by SIGTERM)
2026-04-21 20:18:25,225 INFO reaped unknown pid 753 (terminated by SIGTERM)
2026-04-21 20:19:11,009 INFO reaped unknown pid 826 (terminated by SIGTERM)
2026-04-21 20:19:25,029 INFO reaped unknown pid 855 (terminated by SIGTERM)
2026-04-21 20:19:49,057 INFO reaped unknown pid 849 (terminated by SIGTERM)
2026-04-21 20:19:49,060 INFO reaped unknown pid 853 (terminated by SIGTERM)
2026-04-21 20:19:49,062 INFO reaped unknown pid 795 (terminated by SIGTERM)
2026-04-21 21:11:27,204 INFO reaped unknown pid 3701 (terminated by SIGTERM)
2026-04-21 21:11:27,209 INFO reaped unknown pid 3702 (terminated by SIGTERM)
2026-04-21 21:11:27,210 INFO reaped unknown pid 3703 (terminated by SIGTERM)
2026-04-21 21:11:56,238 INFO reaped unknown pid 3767 (terminated by SIGTERM)
2026-04-21 21:11:56,238 INFO reaped unknown pid 3768 (terminated by SIGTERM)
2026-04-21 21:11:56,238 INFO reaped unknown pid 3769 (terminated by SIGTERM)
2026-04-21 21:12:23,264 INFO reaped unknown pid 3774 (terminated by SIGTERM)
2026-04-21 21:12:23,264 INFO reaped unknown pid 3776 (terminated by SIGTERM)
2026-04-21 23:45:17,168 INFO reaped unknown pid 4526 (exit status 0)
2026-04-21 23:45:17,172 INFO reaped unknown pid 4527 (terminated by SIGTERM)
2026-04-22 00:06:31,305 INFO reaped unknown pid 4647 (exit status 0)
2026-04-22 00:06:31,308 INFO reaped unknown pid 4648 (terminated by SIGTERM)
2026-04-22 00:14:41,126 INFO reaped unknown pid 5786 (terminated by SIGINT)
2026-04-22 00:15:34,773 INFO reaped unknown pid 6091 (terminated by SIGINT)
2026-04-22 00:19:52,749 INFO reaped unknown pid 6545 (terminated by SIGTERM)
2026-04-22 00:19:52,759 INFO reaped unknown pid 5447 (terminated by SIGPIPE)
2026-04-22 00:19:52,760 INFO reaped unknown pid 5449 (terminated by SIGTERM)
2026-04-22 00:19:52,763 INFO reaped unknown pid 6558 (terminated by SIGTERM)
2026-04-22 00:20:51,087 INFO reaped unknown pid 6663 (exit status 0)
2026-04-22 00:25:12,437 INFO reaped unknown pid 6539 (exit status 255)
2026-04-22 00:35:32,922 INFO reaped unknown pid 7945 (exit status 255)
2026-04-22 00:36:43,038 INFO reaped unknown pid 7052 (terminated by SIGTERM)
2026-04-22 00:36:43,038 INFO reaped unknown pid 7982 (terminated by SIGTERM)
2026-04-22 00:36:43,039 INFO reaped unknown pid 7987 (terminated by SIGTERM)
2026-04-22 00:36:43,039 INFO reaped unknown pid 8011 (terminated by SIGTERM)
2026-04-22 00:38:02,134 INFO reaped unknown pid 8125 (exit status 255)
2026-04-22 00:44:40,599 INFO reaped unknown pid 9359 (exit status 255)
2026-04-22 00:47:11,637 INFO reaped unknown pid 9443 (terminated by SIGTERM)
2026-04-22 00:47:11,642 INFO reaped unknown pid 8094 (terminated by SIGPIPE)
2026-04-22 00:47:11,645 INFO reaped unknown pid 8095 (terminated by SIGTERM)
2026-04-22 00:47:11,646 INFO reaped unknown pid 9447 (terminated by SIGTERM)
2026-04-22 00:57:17,474 INFO reaped unknown pid 9902 (exit status 255)
2026-04-22 00:57:24,486 INFO reaped unknown pid 9456 (exit status 0)
2026-04-22 01:15:09,170 INFO reaped unknown pid 10647 (exit status 255)
2026-04-22 01:44:26,693 INFO reaped unknown pid 11715 (terminated by SIGTERM)
2026-04-22 01:44:26,698 INFO reaped unknown pid 11719 (terminated by SIGTERM)
2026-04-22 01:44:26,699 INFO reaped unknown pid 11397 (terminated by SIGTERM)
2026-04-22 07:36:29,003 INFO reaped unknown pid 16042 (exit status 0)
